#
# There is insufficient memory for the Java Runtime Environment to continue.
# Native memory allocation (malloc) failed to allocate 430736 bytes for Chunk::new
# Possible reasons:
#   The system is out of physical RAM or swap space
#   The process is running with CompressedOops enabled, and the Java Heap may be blocking the growth of the native heap
# Possible solutions:
#   Reduce memory load on the system
#   Increase physical memory or swap space
#   Check if swap backing store is full
#   Decrease Java heap size (-Xmx/-Xms)
#   Decrease number of Java threads
#   Decrease Java thread stack sizes (-Xss)
#   Set larger code cache with -XX:ReservedCodeCacheSize=
#   JVM is running with Unscaled Compressed Oops mode in which the Java heap is
#     placed in the first 4GB address space. The Java Heap base address is the
#     maximum limit for the native heap growth. Please use -XX:HeapBaseMinAddress
#     to set the Java Heap base and to place the Java Heap above 4GB virtual address.
# This output file may be truncated or incomplete.
#
#  Out of Memory Error (arena.cpp:189), pid=10556, tid=6328
#
# JRE version: Java(TM) SE Runtime Environment (17.0+35) (build 17+35-LTS-2724)
# Java VM: Java HotSpot(TM) 64-Bit Server VM (17+35-LTS-2724, mixed mode, sharing, tiered, compressed oops, compressed class ptrs, g1 gc, windows-amd64)
# No core dump will be written. Minidumps are not enabled by default on client versions of Windows
#

---------------  S U M M A R Y ------------

Command Line: -Dclassworlds.conf=C:\Program Files\apache-maven-3.8.3\bin\m2.conf -Dmaven.home=C:\Program Files\apache-maven-3.8.3 -Dlibrary.jansi.path=C:\Program Files\apache-maven-3.8.3\lib\jansi-native -Dmaven.multiModuleProjectDirectory=C:\Users\c739046\eclipse-workspace\POM org.codehaus.plexus.classworlds.launcher.Launcher test -PScreenreports

Host: Intel(R) Core(TM) i5-6300U CPU @ 2.40GHz, 4 cores, 3G,  Windows 10 , 64 bit Build 18362 (10.0.18362.1766)
Time: Thu Oct 21 17:58:49 2021 South Africa Standard Time elapsed time: 16.721637 seconds (0d 0h 0m 16s)

---------------  T H R E A D  ---------------

Current thread (0x000001aa8c733c40):  JavaThread "C2 CompilerThread0" daemon [_thread_in_native, id=6328, stack(0x0000000991200000,0x0000000991300000)]


Current CompileTask:
C2:  16721 2628       4       org.codehaus.plexus.util.xml.Xpp3Dom::<init> (125 bytes)

Stack: [0x0000000991200000,0x0000000991300000]
Native frames: (J=compiled Java code, j=interpreted, Vv=VM code, C=native code)
V  [jvm.dll+0x66f8ea]
V  [jvm.dll+0x7ce224]
V  [jvm.dll+0x7cf9ce]
V  [jvm.dll+0x7d0033]
V  [jvm.dll+0x242bb5]
V  [jvm.dll+0xaa05b]
V  [jvm.dll+0xaa5ec]
V  [jvm.dll+0x2a954f]
V  [jvm.dll+0x5784b9]
V  [jvm.dll+0x21de2d]
V  [jvm.dll+0x217381]
V  [jvm.dll+0x214fb5]
V  [jvm.dll+0x1a168d]
V  [jvm.dll+0x2248f8]
V  [jvm.dll+0x222a5c]
V  [jvm.dll+0x78422b]
V  [jvm.dll+0x77e7ea]
V  [jvm.dll+0x66e715]
C  [ucrtbase.dll+0x210b2]
C  [KERNEL32.DLL+0x17c24]
C  [ntdll.dll+0x6d721]


---------------  P R O C E S S  ---------------

Threads class SMR info:
_java_thread_list=0x000001aaa9d1e0e0, length=12, elements={
0x000001aa8c673790, 0x000001aa8c71a7a0, 0x000001aa8c71b890, 0x000001aa8c720110,
0x000001aa8c730f30, 0x000001aa8c7314f0, 0x000001aa8c731ea0, 0x000001aa8c733c40,
0x000001aaa9315fd0, 0x000001aaa9324500, 0x000001aaa9d4ad30, 0x000001aaa9d53a60
}

Java Threads: ( => current thread )
  0x000001aa8c673790 JavaThread "main" [_thread_in_native, id=9636, stack(0x0000000990500000,0x0000000990600000)]
  0x000001aa8c71a7a0 JavaThread "Reference Handler" daemon [_thread_blocked, id=5020, stack(0x0000000990c00000,0x0000000990d00000)]
  0x000001aa8c71b890 JavaThread "Finalizer" daemon [_thread_blocked, id=3148, stack(0x0000000990d00000,0x0000000990e00000)]
  0x000001aa8c720110 JavaThread "Signal Dispatcher" daemon [_thread_blocked, id=23612, stack(0x0000000990e00000,0x0000000990f00000)]
  0x000001aa8c730f30 JavaThread "Attach Listener" daemon [_thread_blocked, id=23404, stack(0x0000000990f00000,0x0000000991000000)]
  0x000001aa8c7314f0 JavaThread "Service Thread" daemon [_thread_blocked, id=840, stack(0x0000000991000000,0x0000000991100000)]
  0x000001aa8c731ea0 JavaThread "Monitor Deflation Thread" daemon [_thread_blocked, id=19644, stack(0x0000000991100000,0x0000000991200000)]
=>0x000001aa8c733c40 JavaThread "C2 CompilerThread0" daemon [_thread_in_native, id=6328, stack(0x0000000991200000,0x0000000991300000)]
  0x000001aaa9315fd0 JavaThread "C1 CompilerThread0" daemon [_thread_blocked, id=17980, stack(0x0000000991300000,0x0000000991400000)]
  0x000001aaa9324500 JavaThread "Sweeper thread" daemon [_thread_blocked, id=20584, stack(0x0000000991400000,0x0000000991500000)]
  0x000001aaa9d4ad30 JavaThread "Notification Thread" daemon [_thread_blocked, id=16588, stack(0x0000000991500000,0x0000000991600000)]
  0x000001aaa9d53a60 JavaThread "Common-Cleaner" daemon [_thread_blocked, id=21748, stack(0x0000000991700000,0x0000000991800000)]

Other Threads:
  0x000001aa8c713b90 VMThread "VM Thread" [stack: 0x0000000990b00000,0x0000000990c00000] [id=22168]
  0x000001aaa9d4f620 WatcherThread [stack: 0x0000000991600000,0x0000000991700000] [id=11852]
  0x000001aa8c69ea10 GCTaskThread "GC Thread#0" [stack: 0x0000000990600000,0x0000000990700000] [id=18124]
  0x000001aaaa4c43e0 GCTaskThread "GC Thread#1" [stack: 0x0000000991800000,0x0000000991900000] [id=9964]
  0x000001aaaa04f270 GCTaskThread "GC Thread#2" [stack: 0x0000000991900000,0x0000000991a00000] [id=10244]
  0x000001aaaa04f520 GCTaskThread "GC Thread#3" [stack: 0x0000000991a00000,0x0000000991b00000] [id=8708]
  0x000001aa8c6a6690 ConcurrentGCThread "G1 Main Marker" [stack: 0x0000000990700000,0x0000000990800000] [id=12328]
  0x000001aa8c6a70a0 ConcurrentGCThread "G1 Conc#0" [stack: 0x0000000990800000,0x0000000990900000] [id=20264]
  0x000001aa8c6ee5f0 ConcurrentGCThread "G1 Refine#0" [stack: 0x0000000990900000,0x0000000990a00000] [id=9676]
  0x000001aa8c6ef010 ConcurrentGCThread "G1 Service" [stack: 0x0000000990a00000,0x0000000990b00000] [id=18344]

Threads with active compile tasks:
C2 CompilerThread0    17215 2628       4       org.codehaus.plexus.util.xml.Xpp3Dom::<init> (125 bytes)

VM state: not at safepoint (normal execution)

VM Mutex/Monitor currently owned by a thread: None

Heap address: 0x00000000c9600000, size: 874 MB, Compressed Oops mode: 32-bit

CDS archive(s) mapped at: [0x0000000800000000-0x0000000800bc0000-0x0000000800bc0000), size 12320768, SharedBaseAddress: 0x0000000800000000, ArchiveRelocationMode: 0.
Compressed class space mapped at: 0x0000000800c00000-0x0000000840c00000, reserved size: 1073741824
Narrow klass base: 0x0000000800000000, Narrow klass shift: 0, Narrow klass range: 0x100000000

GC Precious Log:
 CPUs: 4 total, 4 available
 Memory: 3495M
 Large Page Support: Disabled
 NUMA Support: Disabled
 Compressed Oops: Enabled (32-bit)
 Heap Region Size: 1M
 Heap Min Capacity: 8M
 Heap Initial Capacity: 56M
 Heap Max Capacity: 874M
 Pre-touch: Disabled
 Parallel Workers: 4
 Concurrent Workers: 1
 Concurrent Refinement Workers: 4
 Periodic GC: Disabled

Heap:
 garbage-first heap   total 57344K, used 36029K [0x00000000c9600000, 0x0000000100000000)
  region size 1024K, 33 young (33792K), 2 survivors (2048K)
 Metaspace       used 12302K, committed 12480K, reserved 1064960K
  class space    used 1437K, committed 1536K, reserved 1048576K

Heap Regions: E=young(eden), S=young(survivor), O=old, HS=humongous(starts), HC=humongous(continues), CS=collection set, F=free, OA=open archive, CA=closed archive, TAMS=top-at-mark-start (previous, next)
|   0|0x00000000c9600000, 0x00000000c9700000, 0x00000000c9700000|100%| O|  |TAMS 0x00000000c9600000, 0x00000000c9600000| Untracked 
|   1|0x00000000c9700000, 0x00000000c9800000, 0x00000000c9800000|100%| O|  |TAMS 0x00000000c9700000, 0x00000000c9700000| Untracked 
|   2|0x00000000c9800000, 0x00000000c9900000, 0x00000000c9900000|100%| O|  |TAMS 0x00000000c9800000, 0x00000000c9800000| Untracked 
|   3|0x00000000c9900000, 0x00000000c9932400, 0x00000000c9a00000| 19%| O|  |TAMS 0x00000000c9900000, 0x00000000c9900000| Untracked 
|   4|0x00000000c9a00000, 0x00000000c9a00000, 0x00000000c9b00000|  0%| F|  |TAMS 0x00000000c9a00000, 0x00000000c9a00000| Untracked 
|   5|0x00000000c9b00000, 0x00000000c9b00000, 0x00000000c9c00000|  0%| F|  |TAMS 0x00000000c9b00000, 0x00000000c9b00000| Untracked 
|   6|0x00000000c9c00000, 0x00000000c9c00000, 0x00000000c9d00000|  0%| F|  |TAMS 0x00000000c9c00000, 0x00000000c9c00000| Untracked 
|   7|0x00000000c9d00000, 0x00000000c9d00000, 0x00000000c9e00000|  0%| F|  |TAMS 0x00000000c9d00000, 0x00000000c9d00000| Untracked 
|   8|0x00000000c9e00000, 0x00000000c9e00000, 0x00000000c9f00000|  0%| F|  |TAMS 0x00000000c9e00000, 0x00000000c9e00000| Untracked 
|   9|0x00000000c9f00000, 0x00000000c9f00000, 0x00000000ca000000|  0%| F|  |TAMS 0x00000000c9f00000, 0x00000000c9f00000| Untracked 
|  10|0x00000000ca000000, 0x00000000ca000000, 0x00000000ca100000|  0%| F|  |TAMS 0x00000000ca000000, 0x00000000ca000000| Untracked 
|  11|0x00000000ca100000, 0x00000000ca100000, 0x00000000ca200000|  0%| F|  |TAMS 0x00000000ca100000, 0x00000000ca100000| Untracked 
|  12|0x00000000ca200000, 0x00000000ca200000, 0x00000000ca300000|  0%| F|  |TAMS 0x00000000ca200000, 0x00000000ca200000| Untracked 
|  13|0x00000000ca300000, 0x00000000ca300000, 0x00000000ca400000|  0%| F|  |TAMS 0x00000000ca300000, 0x00000000ca300000| Untracked 
|  14|0x00000000ca400000, 0x00000000ca400000, 0x00000000ca500000|  0%| F|  |TAMS 0x00000000ca400000, 0x00000000ca400000| Untracked 
|  15|0x00000000ca500000, 0x00000000ca500000, 0x00000000ca600000|  0%| F|  |TAMS 0x00000000ca500000, 0x00000000ca500000| Untracked 
|  16|0x00000000ca600000, 0x00000000ca600000, 0x00000000ca700000|  0%| F|  |TAMS 0x00000000ca600000, 0x00000000ca600000| Untracked 
|  17|0x00000000ca700000, 0x00000000ca700000, 0x00000000ca800000|  0%| F|  |TAMS 0x00000000ca700000, 0x00000000ca700000| Untracked 
|  18|0x00000000ca800000, 0x00000000ca800000, 0x00000000ca900000|  0%| F|  |TAMS 0x00000000ca800000, 0x00000000ca800000| Untracked 
|  19|0x00000000ca900000, 0x00000000ca900000, 0x00000000caa00000|  0%| F|  |TAMS 0x00000000ca900000, 0x00000000ca900000| Untracked 
|  20|0x00000000caa00000, 0x00000000caa00000, 0x00000000cab00000|  0%| F|  |TAMS 0x00000000caa00000, 0x00000000caa00000| Untracked 
|  21|0x00000000cab00000, 0x00000000cab00000, 0x00000000cac00000|  0%| F|  |TAMS 0x00000000cab00000, 0x00000000cab00000| Untracked 
|  22|0x00000000cac00000, 0x00000000cac00000, 0x00000000cad00000|  0%| F|  |TAMS 0x00000000cac00000, 0x00000000cac00000| Untracked 
|  23|0x00000000cad00000, 0x00000000cae00000, 0x00000000cae00000|100%| E|  |TAMS 0x00000000cad00000, 0x00000000cad00000| Complete 
|  24|0x00000000cae00000, 0x00000000caf00000, 0x00000000caf00000|100%| E|CS|TAMS 0x00000000cae00000, 0x00000000cae00000| Complete 
|  25|0x00000000caf00000, 0x00000000cb000000, 0x00000000cb000000|100%| E|CS|TAMS 0x00000000caf00000, 0x00000000caf00000| Complete 
|  26|0x00000000cb000000, 0x00000000cb100000, 0x00000000cb100000|100%| E|CS|TAMS 0x00000000cb000000, 0x00000000cb000000| Complete 
|  27|0x00000000cb100000, 0x00000000cb200000, 0x00000000cb200000|100%| E|CS|TAMS 0x00000000cb100000, 0x00000000cb100000| Complete 
|  28|0x00000000cb200000, 0x00000000cb300000, 0x00000000cb300000|100%| E|CS|TAMS 0x00000000cb200000, 0x00000000cb200000| Complete 
|  29|0x00000000cb300000, 0x00000000cb400000, 0x00000000cb400000|100%| E|CS|TAMS 0x00000000cb300000, 0x00000000cb300000| Complete 
|  30|0x00000000cb400000, 0x00000000cb500000, 0x00000000cb500000|100%| E|CS|TAMS 0x00000000cb400000, 0x00000000cb400000| Complete 
|  31|0x00000000cb500000, 0x00000000cb5fd2b8, 0x00000000cb600000| 98%| S|CS|TAMS 0x00000000cb500000, 0x00000000cb500000| Complete 
|  32|0x00000000cb600000, 0x00000000cb700000, 0x00000000cb700000|100%| S|CS|TAMS 0x00000000cb600000, 0x00000000cb600000| Complete 
|  33|0x00000000cb700000, 0x00000000cb800000, 0x00000000cb800000|100%| E|CS|TAMS 0x00000000cb700000, 0x00000000cb700000| Complete 
|  34|0x00000000cb800000, 0x00000000cb900000, 0x00000000cb900000|100%| E|CS|TAMS 0x00000000cb800000, 0x00000000cb800000| Complete 
|  35|0x00000000cb900000, 0x00000000cba00000, 0x00000000cba00000|100%| E|CS|TAMS 0x00000000cb900000, 0x00000000cb900000| Complete 
|  36|0x00000000cba00000, 0x00000000cbb00000, 0x00000000cbb00000|100%| E|CS|TAMS 0x00000000cba00000, 0x00000000cba00000| Complete 
|  37|0x00000000cbb00000, 0x00000000cbc00000, 0x00000000cbc00000|100%| E|CS|TAMS 0x00000000cbb00000, 0x00000000cbb00000| Complete 
|  38|0x00000000cbc00000, 0x00000000cbd00000, 0x00000000cbd00000|100%| E|CS|TAMS 0x00000000cbc00000, 0x00000000cbc00000| Complete 
|  39|0x00000000cbd00000, 0x00000000cbe00000, 0x00000000cbe00000|100%| E|CS|TAMS 0x00000000cbd00000, 0x00000000cbd00000| Complete 
|  40|0x00000000cbe00000, 0x00000000cbf00000, 0x00000000cbf00000|100%| E|CS|TAMS 0x00000000cbe00000, 0x00000000cbe00000| Complete 
|  41|0x00000000cbf00000, 0x00000000cc000000, 0x00000000cc000000|100%| E|CS|TAMS 0x00000000cbf00000, 0x00000000cbf00000| Complete 
|  42|0x00000000cc000000, 0x00000000cc100000, 0x00000000cc100000|100%| E|CS|TAMS 0x00000000cc000000, 0x00000000cc000000| Complete 
|  43|0x00000000cc100000, 0x00000000cc200000, 0x00000000cc200000|100%| E|CS|TAMS 0x00000000cc100000, 0x00000000cc100000| Complete 
|  44|0x00000000cc200000, 0x00000000cc300000, 0x00000000cc300000|100%| E|CS|TAMS 0x00000000cc200000, 0x00000000cc200000| Complete 
|  45|0x00000000cc300000, 0x00000000cc400000, 0x00000000cc400000|100%| E|CS|TAMS 0x00000000cc300000, 0x00000000cc300000| Complete 
|  46|0x00000000cc400000, 0x00000000cc500000, 0x00000000cc500000|100%| E|CS|TAMS 0x00000000cc400000, 0x00000000cc400000| Complete 
|  47|0x00000000cc500000, 0x00000000cc600000, 0x00000000cc600000|100%| E|CS|TAMS 0x00000000cc500000, 0x00000000cc500000| Complete 
|  48|0x00000000cc600000, 0x00000000cc700000, 0x00000000cc700000|100%| E|CS|TAMS 0x00000000cc600000, 0x00000000cc600000| Complete 
|  49|0x00000000cc700000, 0x00000000cc800000, 0x00000000cc800000|100%| E|CS|TAMS 0x00000000cc700000, 0x00000000cc700000| Complete 
|  50|0x00000000cc800000, 0x00000000cc900000, 0x00000000cc900000|100%| E|CS|TAMS 0x00000000cc800000, 0x00000000cc800000| Complete 
|  51|0x00000000cc900000, 0x00000000cca00000, 0x00000000cca00000|100%| E|CS|TAMS 0x00000000cc900000, 0x00000000cc900000| Complete 
|  52|0x00000000cca00000, 0x00000000ccb00000, 0x00000000ccb00000|100%| E|CS|TAMS 0x00000000cca00000, 0x00000000cca00000| Complete 
|  53|0x00000000ccb00000, 0x00000000ccc00000, 0x00000000ccc00000|100%| E|CS|TAMS 0x00000000ccb00000, 0x00000000ccb00000| Complete 
|  54|0x00000000ccc00000, 0x00000000ccd00000, 0x00000000ccd00000|100%| E|CS|TAMS 0x00000000ccc00000, 0x00000000ccc00000| Complete 
|  55|0x00000000ccd00000, 0x00000000cce00000, 0x00000000cce00000|100%| E|CS|TAMS 0x00000000ccd00000, 0x00000000ccd00000| Complete 

Card table byte_map: [0x000001aaa4e80000,0x000001aaa5040000] _byte_map_base: 0x000001aaa4835000

Marking Bits (Prev, Next): (CMBitMap*) 0x000001aa8c69f020, (CMBitMap*) 0x000001aa8c69f060
 Prev Bits: [0x000001aaa5200000, 0x000001aaa5fa8000)
 Next Bits: [0x000001aaa5fb0000, 0x000001aaa6d58000)

Polling page: 0x000001aa8c530000

Metaspace:

Usage:
  Non-class:     10.61 MB used.
      Class:      1.40 MB used.
       Both:     12.02 MB used.

Virtual space:
  Non-class space:       16.00 MB reserved,      10.69 MB ( 67%) committed,  2 nodes.
      Class space:        1.00 GB reserved,       1.50 MB ( <1%) committed,  1 nodes.
             Both:        1.02 GB reserved,      12.19 MB (  1%) committed. 

Chunk freelists:
   Non-Class:  3.84 MB
       Class:  2.54 MB
        Both:  6.38 MB

MaxMetaspaceSize: unlimited
CompressedClassSpaceSize: 1.00 GB
Initial GC threshold: 21.00 MB
Current GC threshold: 21.00 MB
CDS: on
MetaspaceReclaimPolicy: balanced
 - commit_granule_bytes: 65536.
 - commit_granule_words: 8192.
 - virtual_space_node_default_size: 1048576.
 - enlarge_chunks_in_place: 1.
 - new_chunks_are_fully_committed: 0.
 - uncommit_free_chunks: 1.
 - use_allocation_guard: 0.
 - handle_deallocations: 1.


Internal statistics:

num_allocs_failed_limit: 0.
num_arena_births: 60.
num_arena_deaths: 0.
num_vsnodes_births: 3.
num_vsnodes_deaths: 0.
num_space_committed: 195.
num_space_uncommitted: 0.
num_chunks_returned_to_freelist: 0.
num_chunks_taken_from_freelist: 472.
num_chunk_merges: 0.
num_chunk_splits: 341.
num_chunks_enlarged: 278.
num_purges: 0.
num_inconsistent_stats: 0.

CodeHeap 'non-profiled nmethods': size=120000Kb used=1064Kb max_used=1064Kb free=118935Kb
 bounds [0x000001aa9d170000, 0x000001aa9d3e0000, 0x000001aaa46a0000]
CodeHeap 'profiled nmethods': size=120000Kb used=5301Kb max_used=5301Kb free=114698Kb
 bounds [0x000001aa95c40000, 0x000001aa96170000, 0x000001aa9d170000]
CodeHeap 'non-nmethods': size=5760Kb used=1169Kb max_used=1221Kb free=4590Kb
 bounds [0x000001aa956a0000, 0x000001aa95910000, 0x000001aa95c40000]
 total_blobs=3144 nmethods=2684 adapters=372
 compilation: enabled
              stopped_count=0, restarted_count=0
 full_count=0

Compilation events (20 events):
Event: 16.432 Thread 0x000001aaa9315fd0 nmethod 2616 0x000001aa9d272910 code [0x000001aa9d272aa0, 0x000001aa9d272b78]
Event: 16.432 Thread 0x000001aaa9315fd0 2620       1       org.eclipse.aether.resolution.ArtifactDescriptorRequest::getRequestContext (5 bytes)
Event: 16.432 Thread 0x000001aaa9315fd0 nmethod 2620 0x000001aa9d272c10 code [0x000001aa9d272da0, 0x000001aa9d272e78]
Event: 16.432 Thread 0x000001aaa9315fd0 2621       1       org.eclipse.aether.resolution.ArtifactDescriptorRequest::getRepositories (5 bytes)
Event: 16.432 Thread 0x000001aaa9315fd0 nmethod 2621 0x000001aa9d272f10 code [0x000001aa9d2730a0, 0x000001aa9d273178]
Event: 16.486 Thread 0x000001aaa9315fd0 2622       1       org.eclipse.aether.DefaultRepositorySystemSession::getRepositoryListener (5 bytes)
Event: 16.486 Thread 0x000001aaa9315fd0 nmethod 2622 0x000001aa9d273210 code [0x000001aa9d2733a0, 0x000001aa9d273478]
Event: 16.524 Thread 0x000001aaa9315fd0 2623       1       org.apache.maven.model.ReportPlugin::setArtifactId (6 bytes)
Event: 16.524 Thread 0x000001aaa9315fd0 nmethod 2623 0x000001aa9d273510 code [0x000001aa9d2736a0, 0x000001aa9d2737b8]
Event: 16.532 Thread 0x000001aaa9315fd0 2624       3       org.apache.maven.model.io.xpp3.MavenXpp3Reader::parsePluginExecution (340 bytes)
Event: 16.535 Thread 0x000001aaa9315fd0 nmethod 2624 0x000001aa9614fc10 code [0x000001aa96150160, 0x000001aa961528f8]
Event: 16.535 Thread 0x000001aaa9315fd0 2625       1       org.apache.maven.model.Profile::setId (6 bytes)
Event: 16.535 Thread 0x000001aaa9315fd0 nmethod 2625 0x000001aa9d273810 code [0x000001aa9d2739a0, 0x000001aa9d273ab8]
Event: 16.536 Thread 0x000001aaa9315fd0 2626       3       java.nio.HeapByteBuffer::compact (85 bytes)
Event: 16.537 Thread 0x000001aaa9315fd0 nmethod 2626 0x000001aa96153790 code [0x000001aa96153980, 0x000001aa96153fa8]
Event: 16.537 Thread 0x000001aaa9315fd0 2627       3       java.nio.Buffer::discardMark (6 bytes)
Event: 16.537 Thread 0x000001aaa9315fd0 nmethod 2627 0x000001aa96154190 code [0x000001aa96154320, 0x000001aa96154438]
Event: 16.544 Thread 0x000001aa8c733c40 2628       4       org.codehaus.plexus.util.xml.Xpp3Dom::<init> (125 bytes)
Event: 16.552 Thread 0x000001aaa9315fd0 2630       3       org.eclipse.aether.RequestTrace::newChild (10 bytes)
Event: 16.552 Thread 0x000001aaa9315fd0 nmethod 2630 0x000001aa96154510 code [0x000001aa961546c0, 0x000001aa96154998]

GC Heap History (6 events):
Event: 9.726 GC heap before
{Heap before GC invocations=0 (full 0):
 garbage-first heap   total 57344K, used 12288K [0x00000000c9600000, 0x0000000100000000)
  region size 1024K, 13 young (13312K), 0 survivors (0K)
 Metaspace       used 3554K, committed 3712K, reserved 1056768K
  class space    used 377K, committed 448K, reserved 1048576K
}
Event: 9.751 GC heap after
{Heap after GC invocations=1 (full 0):
 garbage-first heap   total 57344K, used 3104K [0x00000000c9600000, 0x0000000100000000)
  region size 1024K, 2 young (2048K), 2 survivors (2048K)
 Metaspace       used 3554K, committed 3712K, reserved 1056768K
  class space    used 377K, committed 448K, reserved 1048576K
}
Event: 12.206 GC heap before
{Heap before GC invocations=1 (full 0):
 garbage-first heap   total 57344K, used 16416K [0x00000000c9600000, 0x0000000100000000)
  region size 1024K, 15 young (15360K), 2 survivors (2048K)
 Metaspace       used 5480K, committed 5632K, reserved 1056768K
  class space    used 641K, committed 704K, reserved 1048576K
}
Event: 12.213 GC heap after
{Heap after GC invocations=2 (full 0):
 garbage-first heap   total 57344K, used 4018K [0x00000000c9600000, 0x0000000100000000)
  region size 1024K, 1 young (1024K), 1 survivors (1024K)
 Metaspace       used 5480K, committed 5632K, reserved 1056768K
  class space    used 641K, committed 704K, reserved 1048576K
}
Event: 13.574 GC heap before
{Heap before GC invocations=2 (full 0):
 garbage-first heap   total 57344K, used 26546K [0x00000000c9600000, 0x0000000100000000)
  region size 1024K, 23 young (23552K), 1 survivors (1024K)
 Metaspace       used 9130K, committed 9280K, reserved 1064960K
  class space    used 1120K, committed 1216K, reserved 1048576K
}
Event: 13.580 GC heap after
{Heap after GC invocations=3 (full 0):
 garbage-first heap   total 57344K, used 5309K [0x00000000c9600000, 0x0000000100000000)
  region size 1024K, 2 young (2048K), 2 survivors (2048K)
 Metaspace       used 9130K, committed 9280K, reserved 1064960K
  class space    used 1120K, committed 1216K, reserved 1048576K
}

Deoptimization events (20 events):
Event: 15.665 Thread 0x000001aa8c673790 DEOPT PACKING pc=0x000001aa960722f6 sp=0x00000009905fc200
Event: 15.665 Thread 0x000001aa8c673790 DEOPT UNPACKING pc=0x000001aa956f2b43 sp=0x00000009905fb700 mode 0
Event: 15.674 Thread 0x000001aa8c673790 Uncommon trap: trap_request=0xffffff66 fr.pc=0x000001aa9d221af8 relative=0x0000000000000238
Event: 15.674 Thread 0x000001aa8c673790 Uncommon trap: reason=speculate_class_check action=maybe_recompile pc=0x000001aa9d221af8 method=java.util.regex.Pattern$BmpCharPredicate.lambda$union$2(Ljava/util/regex/Pattern$CharPredicate;I)Z @ 2 c2
Event: 15.674 Thread 0x000001aa8c673790 DEOPT PACKING pc=0x000001aa9d221af8 sp=0x00000009905fc590
Event: 15.674 Thread 0x000001aa8c673790 DEOPT UNPACKING pc=0x000001aa956f23a3 sp=0x00000009905fc3e8 mode 2
Event: 15.674 Thread 0x000001aa8c673790 Uncommon trap: trap_request=0xffffff66 fr.pc=0x000001aa9d221af8 relative=0x0000000000000238
Event: 15.674 Thread 0x000001aa8c673790 Uncommon trap: reason=speculate_class_check action=maybe_recompile pc=0x000001aa9d221af8 method=java.util.regex.Pattern$BmpCharPredicate.lambda$union$2(Ljava/util/regex/Pattern$CharPredicate;I)Z @ 2 c2
Event: 15.674 Thread 0x000001aa8c673790 DEOPT PACKING pc=0x000001aa9d221af8 sp=0x00000009905fc590
Event: 15.674 Thread 0x000001aa8c673790 DEOPT UNPACKING pc=0x000001aa956f23a3 sp=0x00000009905fc3e8 mode 2
Event: 15.688 Thread 0x000001aa8c673790 DEOPT PACKING pc=0x000001aa960722f6 sp=0x00000009905fc4b0
Event: 15.688 Thread 0x000001aa8c673790 DEOPT UNPACKING pc=0x000001aa956f2b43 sp=0x00000009905fb9b8 mode 0
Event: 15.836 Thread 0x000001aa8c673790 Uncommon trap: trap_request=0xffffff45 fr.pc=0x000001aa9d232670 relative=0x00000000000004d0
Event: 15.836 Thread 0x000001aa8c673790 Uncommon trap: reason=unstable_if action=reinterpret pc=0x000001aa9d232670 method=java.lang.StringLatin1.trim([B)Ljava/lang/String; @ 60 c2
Event: 15.836 Thread 0x000001aa8c673790 DEOPT PACKING pc=0x000001aa9d232670 sp=0x00000009905fc180
Event: 15.836 Thread 0x000001aa8c673790 DEOPT UNPACKING pc=0x000001aa956f23a3 sp=0x00000009905fc140 mode 2
Event: 15.838 Thread 0x000001aa8c673790 Uncommon trap: trap_request=0xffffff45 fr.pc=0x000001aa9d1e6770 relative=0x00000000000005b0
Event: 15.838 Thread 0x000001aa8c673790 Uncommon trap: reason=unstable_if action=reinterpret pc=0x000001aa9d1e6770 method=java.lang.String.regionMatches(ZILjava/lang/String;II)Z @ 21 c2
Event: 15.838 Thread 0x000001aa8c673790 DEOPT PACKING pc=0x000001aa9d1e6770 sp=0x00000009905fc5a0
Event: 15.838 Thread 0x000001aa8c673790 DEOPT UNPACKING pc=0x000001aa956f23a3 sp=0x00000009905fc548 mode 2

Classes unloaded (0 events):
No events

Classes redefined (0 events):
No events

Internal exceptions (13 events):
Event: 1.939 Thread 0x000001aa8c673790 Exception <a 'java/lang/NullPointerException'{0x00000000ccad2e10}> (0x00000000ccad2e10) 
thrown [t:\workspace\open\src\hotspot\share\interpreter\linkResolver.cpp, line 1357]
Event: 6.154 Thread 0x000001aa8c673790 Exception <a 'java/lang/NullPointerException'{0x00000000cc90b0d8}> (0x00000000cc90b0d8) 
thrown [t:\workspace\open\src\hotspot\share\interpreter\linkResolver.cpp, line 1357]
Event: 6.154 Thread 0x000001aa8c673790 Exception <a 'java/lang/NullPointerException'{0x00000000cc90b3b0}> (0x00000000cc90b3b0) 
thrown [t:\workspace\open\src\hotspot\share\interpreter\linkResolver.cpp, line 1357]
Event: 6.154 Thread 0x000001aa8c673790 Exception <a 'java/lang/NullPointerException'{0x00000000cc90b688}> (0x00000000cc90b688) 
thrown [t:\workspace\open\src\hotspot\share\interpreter\linkResolver.cpp, line 1357]
Event: 6.157 Thread 0x000001aa8c673790 Exception <a 'java/lang/NullPointerException'{0x00000000cc910dc8}> (0x00000000cc910dc8) 
thrown [t:\workspace\open\src\hotspot\share\interpreter\linkResolver.cpp, line 1357]
Event: 6.165 Thread 0x000001aa8c673790 Exception <a 'java/lang/NullPointerException'{0x00000000cc926028}> (0x00000000cc926028) 
thrown [t:\workspace\open\src\hotspot\share\interpreter\linkResolver.cpp, line 1357]
Event: 6.165 Thread 0x000001aa8c673790 Exception <a 'java/lang/NullPointerException'{0x00000000cc926300}> (0x00000000cc926300) 
thrown [t:\workspace\open\src\hotspot\share\interpreter\linkResolver.cpp, line 1357]
Event: 6.165 Thread 0x000001aa8c673790 Exception <a 'java/lang/NullPointerException'{0x00000000cc9265d8}> (0x00000000cc9265d8) 
thrown [t:\workspace\open\src\hotspot\share\interpreter\linkResolver.cpp, line 1357]
Event: 6.165 Thread 0x000001aa8c673790 Exception <a 'java/lang/NullPointerException'{0x00000000cc9268b0}> (0x00000000cc9268b0) 
thrown [t:\workspace\open\src\hotspot\share\interpreter\linkResolver.cpp, line 1357]
Event: 10.196 Thread 0x000001aa8c673790 Exception <a 'java/lang/NoSuchMethodError'{0x00000000ccc5fb88}: 'java.lang.Object java.lang.invoke.DirectMethodHandle$Holder.newInvokeSpecial(java.lang.Object, java.lang.Object, java.lang.Object, java.lang.Object, java.lang.Object)'> (0x00000000ccc5fb88) 
thrown [t:\workspace\open\src\hotspot\share\interpreter\linkResolver.cpp, line 766]
Event: 10.629 Thread 0x000001aa8c673790 Exception <a 'java/lang/NoClassDefFoundError'{0x00000000ccbc1408}: javax/enterprise/inject/Typed> (0x00000000ccbc1408) 
thrown [t:\workspace\open\src\hotspot\share\classfile\systemDictionary.cpp, line 245]
Event: 13.823 Thread 0x000001aa8c673790 Exception <a 'java/lang/NoClassDefFoundError'{0x00000000cca07ff8}: com/google/inject/servlet/ServletModuleTargetVisitor> (0x00000000cca07ff8) 
thrown [t:\workspace\open\src\hotspot\share\classfile\systemDictionary.cpp, line 245]
Event: 13.987 Thread 0x000001aa8c673790 Exception <a 'java/lang/NoSuchMethodError'{0x00000000cc94ece8}: 'java.lang.Object java.lang.invoke.DirectMethodHandle$Holder.invokeStaticInit(java.lang.Object, int, int, int, int)'> (0x00000000cc94ece8) 
thrown [t:\workspace\open\src\hotspot\share\interpreter\linkResolver.cpp, line 766]

VM Operations (20 events):
Event: 13.514 Executing VM operation: Cleanup
Event: 13.515 Executing VM operation: Cleanup done
Event: 13.520 Executing VM operation: HandshakeAllThreads
Event: 13.520 Executing VM operation: HandshakeAllThreads done
Event: 13.574 Executing VM operation: G1CollectForAllocation
Event: 13.580 Executing VM operation: G1CollectForAllocation done
Event: 13.776 Executing VM operation: HandshakeAllThreads
Event: 13.776 Executing VM operation: HandshakeAllThreads done
Event: 13.952 Executing VM operation: HandshakeAllThreads
Event: 13.952 Executing VM operation: HandshakeAllThreads done
Event: 14.013 Executing VM operation: HandshakeAllThreads
Event: 14.014 Executing VM operation: HandshakeAllThreads done
Event: 14.097 Executing VM operation: ICBufferFull
Event: 14.098 Executing VM operation: ICBufferFull done
Event: 14.207 Executing VM operation: HandshakeAllThreads
Event: 14.207 Executing VM operation: HandshakeAllThreads done
Event: 15.207 Executing VM operation: Cleanup
Event: 15.207 Executing VM operation: Cleanup done
Event: 16.208 Executing VM operation: Cleanup
Event: 16.208 Executing VM operation: Cleanup done

Events (20 events):
Event: 14.290 loading class sun/util/resources/LocaleData$CommonResourceBundleProvider
Event: 14.290 loading class sun/util/resources/LocaleData$LocaleDataResourceBundleProvider
Event: 14.291 loading class java/util/spi/ResourceBundleProvider
Event: 14.291 loading class java/util/spi/ResourceBundleProvider done
Event: 14.291 loading class sun/util/resources/LocaleData$LocaleDataResourceBundleProvider done
Event: 14.291 loading class sun/util/resources/LocaleData$CommonResourceBundleProvider done
Event: 14.291 loading class sun/util/resources/Bundles$2
Event: 14.291 loading class sun/util/resources/Bundles$2 done
Event: 14.339 loading class java/lang/Short$ShortCache
Event: 14.339 loading class java/lang/Short$ShortCache done
Event: 14.340 loading class java/lang/Byte$ByteCache
Event: 14.340 loading class java/lang/Byte$ByteCache done
Event: 14.377 loading class java/util/LinkedList$ListItr
Event: 14.378 loading class java/util/LinkedList$ListItr done
Event: 14.451 loading class java/util/Formatter$FixedString
Event: 14.452 loading class java/util/Formatter$FixedString done
Event: 15.661 loading class sun/nio/cs/ISO_8859_1$Decoder
Event: 15.662 loading class sun/nio/cs/ISO_8859_1$Decoder done
Event: 15.943 loading class java/util/Collections$UnmodifiableList$1
Event: 15.943 loading class java/util/Collections$UnmodifiableList$1 done


Dynamic libraries:
0x00007ff73c1b0000 - 0x00007ff73c1c0000 	C:\Program Files\Java\jdk-17\bin\java.exe
0x00007ff8103c0000 - 0x00007ff8105b0000 	C:\WINDOWS\SYSTEM32\ntdll.dll
0x00007ff80eaf0000 - 0x00007ff80eba3000 	C:\WINDOWS\System32\KERNEL32.DLL
0x00007ff80dd80000 - 0x00007ff80e026000 	C:\WINDOWS\System32\KERNELBASE.dll
0x00007ff80d4a0000 - 0x00007ff80d59a000 	C:\WINDOWS\System32\ucrtbase.dll
0x00007ff805c00000 - 0x00007ff805c18000 	C:\Program Files\Java\jdk-17\bin\jli.dll
0x00007ff80fb50000 - 0x00007ff80fbf3000 	C:\WINDOWS\System32\ADVAPI32.dll
0x00007ff80ebb0000 - 0x00007ff80ec4e000 	C:\WINDOWS\System32\msvcrt.dll
0x00007ff80ec70000 - 0x00007ff80ed07000 	C:\WINDOWS\System32\sechost.dll
0x00007ff80fa30000 - 0x00007ff80fb4f000 	C:\WINDOWS\System32\RPCRT4.dll
0x00007ffffa760000 - 0x00007ffffa77a000 	C:\Program Files\Java\jdk-17\bin\VCRUNTIME140.dll
0x00007ff80f890000 - 0x00007ff80fa24000 	C:\WINDOWS\System32\USER32.dll
0x00007ff80dd20000 - 0x00007ff80dd41000 	C:\WINDOWS\System32\win32u.dll
0x00007ff8101c0000 - 0x00007ff8101e6000 	C:\WINDOWS\System32\GDI32.dll
0x00007ff80e2c0000 - 0x00007ff80e458000 	C:\WINDOWS\System32\gdi32full.dll
0x00007ff80e1c0000 - 0x00007ff80e25e000 	C:\WINDOWS\System32\msvcp_win.dll
0x00007ffff3680000 - 0x00007ffff3904000 	C:\WINDOWS\WinSxS\amd64_microsoft.windows.common-controls_6595b64144ccf1df_6.0.18362.1801_none_9e79a739e46243f0\COMCTL32.dll
0x00007ff80fc00000 - 0x00007ff80ff36000 	C:\WINDOWS\System32\combase.dll
0x00007ff80e130000 - 0x00007ff80e1b4000 	C:\WINDOWS\System32\bcryptPrimitives.dll
0x00007ff803e70000 - 0x00007ff803e7a000 	C:\WINDOWS\SYSTEM32\VERSION.dll
0x00007ff80eac0000 - 0x00007ff80eaee000 	C:\WINDOWS\System32\IMM32.DLL
0x00007ff805c70000 - 0x00007ff805c7c000 	C:\Program Files\Java\jdk-17\bin\vcruntime140_1.dll
0x00007fffe5770000 - 0x00007fffe57fd000 	C:\Program Files\Java\jdk-17\bin\msvcp140.dll
0x00007fff87980000 - 0x00007fff8853e000 	C:\Program Files\Java\jdk-17\bin\server\jvm.dll
0x00007ff80ec60000 - 0x00007ff80ec68000 	C:\WINDOWS\System32\PSAPI.DLL
0x00007ffff8e10000 - 0x00007ffff8e19000 	C:\WINDOWS\SYSTEM32\WSOCK32.dll
0x00007ff80f7c0000 - 0x00007ff80f82f000 	C:\WINDOWS\System32\WS2_32.dll
0x00007ff804370000 - 0x00007ff804394000 	C:\WINDOWS\SYSTEM32\WINMM.dll
0x00007ff804340000 - 0x00007ff80436d000 	C:\WINDOWS\SYSTEM32\WINMMBASE.dll
0x00007ff80e0e0000 - 0x00007ff80e12a000 	C:\WINDOWS\System32\cfgmgr32.dll
0x00007ff80d280000 - 0x00007ff80d291000 	C:\WINDOWS\System32\kernel.appcore.dll
0x00007ff805b90000 - 0x00007ff805b9a000 	C:\Program Files\Java\jdk-17\bin\jimage.dll
0x00007ff80aba0000 - 0x00007ff80ad94000 	C:\WINDOWS\SYSTEM32\DBGHELP.DLL
0x00007fffec080000 - 0x00007fffec0aa000 	C:\WINDOWS\SYSTEM32\dbgcore.DLL
0x00007ffff5370000 - 0x00007ffff5395000 	C:\Program Files\Java\jdk-17\bin\java.dll
0x00007fff8ca70000 - 0x00007fff8cb46000 	C:\Program Files\Java\jdk-17\bin\svml.dll
0x00007ff80ed10000 - 0x00007ff80f3f7000 	C:\WINDOWS\System32\SHELL32.dll
0x00007ff8101f0000 - 0x00007ff810299000 	C:\WINDOWS\System32\shcore.dll
0x00007ff80d5a0000 - 0x00007ff80dd1b000 	C:\WINDOWS\System32\windows.storage.dll
0x00007ff80d2f0000 - 0x00007ff80d30e000 	C:\WINDOWS\System32\profapi.dll
0x00007ff80d2a0000 - 0x00007ff80d2ea000 	C:\WINDOWS\System32\powrprof.dll
0x00007ff80d270000 - 0x00007ff80d280000 	C:\WINDOWS\System32\UMPDC.dll
0x00007ff80e8e0000 - 0x00007ff80e932000 	C:\WINDOWS\System32\shlwapi.dll
0x00007ff80d480000 - 0x00007ff80d497000 	C:\WINDOWS\System32\cryptsp.dll
0x00007fffe65f0000 - 0x00007fffe6609000 	C:\Program Files\Java\jdk-17\bin\net.dll
0x00007ff802e70000 - 0x00007ff802f69000 	C:\WINDOWS\SYSTEM32\WINHTTP.dll
0x00007ff80cab0000 - 0x00007ff80cb17000 	C:\WINDOWS\system32\mswsock.dll
0x00007fffe6430000 - 0x00007fffe6445000 	C:\Program Files\Java\jdk-17\bin\nio.dll
0x00007fffe5bc0000 - 0x00007fffe5bd8000 	C:\Program Files\Java\jdk-17\bin\zip.dll
0x0000000069ac0000 - 0x0000000069ae4000 	C:\Program Files\apache-maven-3.8.3\lib\jansi-native\Windows\x86_64\jansi.dll
0x00007ff804df0000 - 0x00007ff804e00000 	C:\Program Files\Java\jdk-17\bin\verify.dll

dbghelp: loaded successfully - version: 4.0.5 - missing functions: none
symbol engine: initialized successfully - sym options: 0x614 - pdb path: .;C:\Program Files\Java\jdk-17\bin;C:\WINDOWS\SYSTEM32;C:\WINDOWS\WinSxS\amd64_microsoft.windows.common-controls_6595b64144ccf1df_6.0.18362.1801_none_9e79a739e46243f0;C:\Program Files\Java\jdk-17\bin\server;C:\Program Files\apache-maven-3.8.3\lib\jansi-native\Windows\x86_64

VM Arguments:
jvm_args: -Dclassworlds.conf=C:\Program Files\apache-maven-3.8.3\bin\m2.conf -Dmaven.home=C:\Program Files\apache-maven-3.8.3 -Dlibrary.jansi.path=C:\Program Files\apache-maven-3.8.3\lib\jansi-native -Dmaven.multiModuleProjectDirectory=C:\Users\c739046\eclipse-workspace\POM 
java_command: org.codehaus.plexus.classworlds.launcher.Launcher test -PScreenreports
java_class_path (initial): C:\Program Files\apache-maven-3.8.3\boot\plexus-classworlds-2.6.0.jar
Launcher Type: SUN_STANDARD

[Global flags]
     intx CICompilerCount                          = 3                                         {product} {ergonomic}
     uint ConcGCThreads                            = 1                                         {product} {ergonomic}
     uint G1ConcRefinementThreads                  = 4                                         {product} {ergonomic}
   size_t G1HeapRegionSize                         = 1048576                                   {product} {ergonomic}
    uintx GCDrainStackTargetSize                   = 64                                        {product} {ergonomic}
   size_t InitialHeapSize                          = 58720256                                  {product} {ergonomic}
   size_t MarkStackSize                            = 4194304                                   {product} {ergonomic}
   size_t MaxHeapSize                              = 916455424                                 {product} {ergonomic}
   size_t MaxNewSize                               = 549453824                                 {product} {ergonomic}
   size_t MinHeapDeltaBytes                        = 1048576                                   {product} {ergonomic}
   size_t MinHeapSize                              = 8388608                                   {product} {ergonomic}
    uintx NonNMethodCodeHeapSize                   = 5832780                                {pd product} {ergonomic}
    uintx NonProfiledCodeHeapSize                  = 122912730                              {pd product} {ergonomic}
    uintx ProfiledCodeHeapSize                     = 122912730                              {pd product} {ergonomic}
    uintx ReservedCodeCacheSize                    = 251658240                              {pd product} {ergonomic}
     bool SegmentedCodeCache                       = true                                      {product} {ergonomic}
   size_t SoftMaxHeapSize                          = 916455424                              {manageable} {ergonomic}
     bool UseCompressedClassPointers               = true                           {product lp64_product} {ergonomic}
     bool UseCompressedOops                        = true                           {product lp64_product} {ergonomic}
     bool UseG1GC                                  = true                                      {product} {ergonomic}
     bool UseLargePagesIndividualAllocation        = false                                  {pd product} {ergonomic}

Logging:
Log output configuration:
 #0: stdout all=warning uptime,level,tags
 #1: stderr all=off uptime,level,tags

Environment Variables:
JAVA_HOME=C:\Program Files\Java\jdk-17
PATH=C:\Program Files\Common Files\Oracle\Java\javapath;C:\Program Files (x86)\Common Files\Oracle\Java\javapath;C:\WINDOWS\system32;C:\WINDOWS;C:\WINDOWS\System32\Wbem;C:\WINDOWS\System32\WindowsPowerShell\v1.0\;C:\WINDOWS\System32\OpenSSH\;C:\Program Files (x86)\Lenovo\Access Connections\;C:\Program Files (x86)\IBM\Personal Communications\;C:\Program Files (x86)\IBM\Trace Facility\;C:\Program Files (x86)\Microsoft SQL Server\Client SDK\ODBC\130\Tools\Binn\;C:\Program Files (x86)\Microsoft SQL Server\130\Tools\Binn\;C:\Program Files (x86)\Microsoft SQL Server\130\DTS\Binn\;C:\Program Files (x86)\Microsoft SQL Server\130\Tools\Binn\ManagementStudio\;C:\Program Files\Microsoft SQL Server\110\DTS\Binn\;C:\Program Files (x86)\Microsoft SQL Server\110\Tools\Binn\;C:\Program Files\Microsoft SQL Server\110\Tools\Binn\;C:\Program Files (x86)\Microsoft SQL Server\110\Tools\Binn\ManagementStudio\;C:\Program Files (x86)\Microsoft Visual Studio 10.0\Common7\IDE\PrivateAssemblies\;C:\Program Files (x86)\Microsoft SQL Server\110\DTS\Binn\;C:\Program Files\nodejs\;C:\IMDS\Modules;C:\Program Files (x86)\Intel\Intel(R) Management Engine Components\DAL;C:\Program Files\Intel\Intel(R) Management Engine Components\DAL;C:\Users\c739046\AppData\Local\Microsoft\WindowsApps;C:\Program Files\apache-maven-3.8.3\bin;C:\Program Files\Java\jdk-17\bin;
USERNAME=C739046
OS=Windows_NT
PROCESSOR_IDENTIFIER=Intel64 Family 6 Model 78 Stepping 3, GenuineIntel



---------------  S Y S T E M  ---------------

OS:
 Windows 10 , 64 bit Build 18362 (10.0.18362.1766)
OS uptime: 1 days 5:33 hours

CPU: total 4 (initial active 4) (2 cores per cpu, 2 threads per core) family 6 model 78 stepping 3 microcode 0xc6, cx8, cmov, fxsr, ht, mmx, 3dnowpref, sse, sse2, sse3, ssse3, sse4.1, sse4.2, popcnt, lzcnt, tsc, tscinvbit, avx, avx2, aes, erms, clmul, bmi1, bmi2, rtm, adx, fma, vzeroupper, clflush, clflushopt

Memory: 4k page, system-wide physical 3495M (45M free)
TotalPageFile size 14247M (AvailPageFile size 0M)
current process WorkingSet (physical memory assigned to process): 97M, peak: 97M
current process commit charge ("private bytes"): 153M, peak: 161M

vm_info: Java HotSpot(TM) 64-Bit Server VM (17+35-LTS-2724) for windows-amd64 JRE (17+35-LTS-2724), built on Aug  5 2021 23:28:28 by "mach5one" with MS VC++ 16.8 (VS2019)

END.
